#
# There is insufficient memory for the Java Runtime Environment to continue.
# Native memory allocation (mmap) failed to map 268435456 bytes for Failed to commit area from 0x0000000701c00000 to 0x0000000711c00000 of length 268435456.
# Possible reasons:
#   The system is out of physical RAM or swap space
#   The process is running with CompressedOops enabled, and the Java Heap may be blocking the growth of the native heap
# Possible solutions:
#   Reduce memory load on the system
#   Increase physical memory or swap space
#   Check if swap backing store is full
#   Decrease Java heap size (-Xmx/-Xms)
#   Decrease number of Java threads
#   Decrease Java thread stack sizes (-Xss)
#   Set larger code cache with -XX:ReservedCodeCacheSize=
# This output file may be truncated or incomplete.
#
#  Out of Memory Error (./src/hotspot/os/windows/os_windows.cpp:3521), pid=22472, tid=10176
#
# JRE version:  (11.0.12+7) (build )
# Java VM: OpenJDK 64-Bit Server VM (11.0.12+7-b1504.28-7817840, mixed mode, sharing, tiered, compressed oops, g1 gc, windows-amd64)
# No core dump will be written. Minidumps are not enabled by default on client versions of Windows
#

---------------  S U M M A R Y ------------

Command Line: 

Host: 11th Gen Intel(R) Core(TM) i5-11400F @ 2.60GHz, 12 cores, 15G,  Windows 10 , 64 bit Build 22621 (10.0.22621.1778)
Time: Sun Jul  2 04:50:04 2023 Egypt Daylight Time elapsed time: 0.007543 seconds (0d 0h 0m 0s)

---------------  T H R E A D  ---------------

Current thread (0x0000024f6b78e000):  JavaThread "Unknown thread" [_thread_in_vm, id=10176, stack(0x00000091c0b00000,0x00000091c0c00000)]

Stack: [0x00000091c0b00000,0x00000091c0c00000]
Native frames: (J=compiled Java code, j=interpreted, Vv=VM code, C=native code)
V  [jvm.dll+0x5fbcea]
V  [jvm.dll+0x731905]
V  [jvm.dll+0x732f1d]
V  [jvm.dll+0x7335d3]
V  [jvm.dll+0x247bf8]
V  [jvm.dll+0x5f90b4]
V  [jvm.dll+0x5edc85]
V  [jvm.dll+0x305aeb]
V  [jvm.dll+0x305a5a]
V  [jvm.dll+0x305932]
V  [jvm.dll+0x30a896]
V  [jvm.dll+0x353803]
V  [jvm.dll+0x353f06]
V  [jvm.dll+0x353903]
V  [jvm.dll+0x2e0678]
V  [jvm.dll+0x2e1827]
V  [jvm.dll+0x710037]
V  [jvm.dll+0x71182c]
V  [jvm.dll+0x360da9]
V  [jvm.dll+0x6f390e]
V  [jvm.dll+0x3c9723]
V  [jvm.dll+0x3cb9b1]
C  [jli.dll+0x536b]
C  [ucrtbase.dll+0x29363]
C  [KERNEL32.DLL+0x126ad]
C  [ntdll.dll+0x5a9f8]


---------------  P R O C E S S  ---------------

Threads class SMR info:
_java_thread_list=0x0000024f6b6a25f0, length=0, elements={
}

Java Threads: ( => current thread )

Other Threads:
  0x0000024f6b951800 GCTaskThread "GC Thread#0" [stack: 0x00000091c0c00000,0x00000091c0d00000] [id=24344]
  0x0000024f6b9ae000 ConcurrentGCThread "G1 Main Marker" [stack: 0x00000091c0d00000,0x00000091c0e00000] [id=6964]
  0x0000024f6b9b1000 ConcurrentGCThread "G1 Conc#0" [stack: 0x00000091c0e00000,0x00000091c0f00000] [id=9624]

[error occurred during error reporting (printing all threads), id 0xc0000005, EXCEPTION_ACCESS_VIOLATION (0xc0000005) at pc=0x00007ffd883f0be7]

VM state:not at safepoint (not fully initialized)

VM Mutex/Monitor currently owned by a thread:  ([mutex/lock_event])
[0x0000024f6b78a4b0] Heap_lock - owner thread: 0x0000024f6b78e000

Heap address: 0x0000000701c00000, size: 4068 MB, Compressed Oops mode: Non-zero based: 0x0000000701c00000
Narrow klass base: 0x0000000000000000, Narrow klass shift: 0

GC Heap History (0 events):
No events

Deoptimization events (0 events):
No events

Classes redefined (0 events):
No events

Internal exceptions (0 events):
No events

Events (1 events):
Event: 0.005 Loaded shared library C:\Program Files\Android\Android Studio\jre\bin\zip.dll


Dynamic libraries:
0x00007ff711da0000 - 0x00007ff711daa000 	C:\Program Files\Android\Android Studio\jre\bin\java.EXE
0x00007ffdee0d0000 - 0x00007ffdee2e4000 	C:\WINDOWS\SYSTEM32\ntdll.dll
0x00007ffdecd20000 - 0x00007ffdecde2000 	C:\WINDOWS\System32\KERNEL32.DLL
0x00007ffdeb570000 - 0x00007ffdeb913000 	C:\WINDOWS\System32\KERNELBASE.dll
0x00007ffdebbb0000 - 0x00007ffdebcc1000 	C:\WINDOWS\System32\ucrtbase.dll
0x00007ffde68c0000 - 0x00007ffde68d9000 	C:\Program Files\Android\Android Studio\jre\bin\jli.dll
0x00007ffde6940000 - 0x00007ffde6957000 	C:\Program Files\Android\Android Studio\jre\bin\VCRUNTIME140.dll
0x00007ffdebeb0000 - 0x00007ffdec05b000 	C:\WINDOWS\System32\USER32.dll
0x00007ffddb290000 - 0x00007ffddb51e000 	C:\WINDOWS\WinSxS\amd64_microsoft.windows.common-controls_6595b64144ccf1df_6.0.22621.1635_none_270f70857386168e\COMCTL32.dll
0x00007ffdeb920000 - 0x00007ffdeb946000 	C:\WINDOWS\System32\win32u.dll
0x00007ffdeca40000 - 0x00007ffdecae7000 	C:\WINDOWS\System32\msvcrt.dll
0x00007ffdec5f0000 - 0x00007ffdec619000 	C:\WINDOWS\System32\GDI32.dll
0x00007ffdeba10000 - 0x00007ffdebb29000 	C:\WINDOWS\System32\gdi32full.dll
0x00007ffdeb4d0000 - 0x00007ffdeb56a000 	C:\WINDOWS\System32\msvcp_win.dll
0x00007ffded040000 - 0x00007ffded071000 	C:\WINDOWS\System32\IMM32.DLL
0x00007ffdc5610000 - 0x00007ffdc56ad000 	C:\Program Files\Android\Android Studio\jre\bin\msvcp140.dll
0x00007ffd88100000 - 0x00007ffd88be5000 	C:\Program Files\Android\Android Studio\jre\bin\server\jvm.dll
0x00007ffdecf90000 - 0x00007ffded03e000 	C:\WINDOWS\System32\ADVAPI32.dll
0x00007ffdec1f0000 - 0x00007ffdec294000 	C:\WINDOWS\System32\sechost.dll
0x00007ffdece70000 - 0x00007ffdecf87000 	C:\WINDOWS\System32\RPCRT4.dll
0x00007ffdec0d0000 - 0x00007ffdec0d8000 	C:\WINDOWS\System32\PSAPI.DLL
0x00007ffde6910000 - 0x00007ffde6919000 	C:\WINDOWS\SYSTEM32\WSOCK32.dll
0x00007ffde2000000 - 0x00007ffde2034000 	C:\WINDOWS\SYSTEM32\WINMM.dll
0x00007ffdecdf0000 - 0x00007ffdece61000 	C:\WINDOWS\System32\WS2_32.dll
0x00007ffde4460000 - 0x00007ffde446a000 	C:\WINDOWS\SYSTEM32\VERSION.dll
0x00007ffdea500000 - 0x00007ffdea518000 	C:\WINDOWS\SYSTEM32\kernel.appcore.dll
0x00007ffdd9440000 - 0x00007ffdd9451000 	C:\Program Files\Android\Android Studio\jre\bin\verify.dll
0x00007ffde09e0000 - 0x00007ffde0c0e000 	C:\WINDOWS\SYSTEM32\DBGHELP.DLL
0x00007ffdec6b0000 - 0x00007ffdeca39000 	C:\WINDOWS\System32\combase.dll
0x00007ffded130000 - 0x00007ffded207000 	C:\WINDOWS\System32\OLEAUT32.dll
0x00007ffdd2790000 - 0x00007ffdd27c2000 	C:\WINDOWS\SYSTEM32\dbgcore.DLL
0x00007ffdebb30000 - 0x00007ffdebbab000 	C:\WINDOWS\System32\bcryptPrimitives.dll
0x00007ffdd7170000 - 0x00007ffdd7199000 	C:\Program Files\Android\Android Studio\jre\bin\java.dll
0x00007ffdda430000 - 0x00007ffdda43b000 	C:\Program Files\Android\Android Studio\jre\bin\jimage.dll
0x00007ffdd3c70000 - 0x00007ffdd3c88000 	C:\Program Files\Android\Android Studio\jre\bin\zip.dll

dbghelp: loaded successfully - version: 4.0.5 - missing functions: none
symbol engine: initialized successfully - sym options: 0x614 - pdb path: .;C:\Program Files\Android\Android Studio\jre\bin;C:\WINDOWS\SYSTEM32;C:\WINDOWS\WinSxS\amd64_microsoft.windows.common-controls_6595b64144ccf1df_6.0.22621.1635_none_270f70857386168e;C:\Program Files\Android\Android Studio\jre\bin\server

VM Arguments:
java_command: <unknown>
java_class_path (initial): <not set>
Launcher Type: SUN_STANDARD

[Global flags]
     intx CICompilerCount                          = 4                                         {product} {ergonomic}
     uint ConcGCThreads                            = 3                                         {product} {ergonomic}
     uint G1ConcRefinementThreads                  = 10                                        {product} {ergonomic}
   size_t G1HeapRegionSize                         = 1048576                                   {product} {ergonomic}
    uintx GCDrainStackTargetSize                   = 64                                        {product} {ergonomic}
   size_t InitialHeapSize                          = 268435456                                 {product} {ergonomic}
   size_t MarkStackSize                            = 4194304                                   {product} {ergonomic}
   size_t MaxHeapSize                              = 4265607168                                {product} {ergonomic}
   size_t MinHeapDeltaBytes                        = 1048576                                   {product} {ergonomic}
    uintx NonNMethodCodeHeapSize                   = 5836300                                {pd product} {ergonomic}
    uintx NonProfiledCodeHeapSize                  = 122910970                              {pd product} {ergonomic}
    uintx ProfiledCodeHeapSize                     = 122910970                              {pd product} {ergonomic}
    uintx ReservedCodeCacheSize                    = 251658240                              {pd product} {ergonomic}
     bool SegmentedCodeCache                       = true                                      {product} {ergonomic}
     bool UseCompressedClassPointers               = true                                 {lp64_product} {ergonomic}
     bool UseCompressedOops                        = true                                 {lp64_product} {ergonomic}
     bool UseG1GC                                  = true                                      {product} {ergonomic}
     bool UseLargePagesIndividualAllocation        = false                                  {pd product} {ergonomic}

Logging:
Log output configuration:
 #0: stdout all=warning uptime,level,tags
 #1: stderr all=off uptime,level,tags

Environment Variables:
PATH=C:\Program Files\Common Files\Oracle\Java\javapath;C:\Program Files (x86)\Common Files\Oracle\Java\javapath;C:\Windows\system32;C:\Windows;C:\Windows\System32\Wbem;C:\Windows\System32\WindowsPowerShell\v1.0\;C:\Windows\System32\OpenSSH\;C:\Program Files (x86)\NVIDIA Corporation\PhysX\Common;C:\Program Files\NVIDIA Corporation\NVIDIA NvDLISR;C:\flutter\bin;C:\Gradle\gradle-7.5\bin;E:\php;C:\ProgramData\ComposerSetup\bin;C:\WINDOWS\system32;C:\WINDOWS;C:\WINDOWS\System32\Wbem;C:\WINDOWS\System32\WindowsPowerShell\v1.0\;C:\WINDOWS\System32\OpenSSH\;C:\Program Files\Cloudflare\Cloudflare WARP\;E:\Git\cmd;C:\Users\Mahmoud\AppData\Local\Programs\Python\Python311\Scripts\;C:\Users\Mahmoud\AppData\Local\Programs\Python\Python311;C:\Program Files\Graphviz\bin;C:\Program Files\nodejs\;C:\Users\Mahmoud\AppData\Local\Programs\Python\Python38\Scripts\;C:\Users\Mahmoud\AppData\Local\Programs\Python\Python38\;C:\Users\Mahmoud\AppData\Local\Microsoft\WindowsApps;C:\Users\Mahmoud\AppData\Local\GitHubDesktop\bin;C:\Users\Mahmoud\AppData\Local\Programs\Microsoft VS Code\bin;C:\flutter\bin;C:\Gradle\gradle-7.5\bin;E:\php;C:\Users\Mahmoud\AppData\Roaming\Composer\vendor\bin;C:\apache-maven-3.8.6\bin;C:\Users\Mahmoud\AppData\Roaming\npm;C:\flutter\bin\mingit\cmd
USERNAME=Mahmoud
OS=Windows_NT
PROCESSOR_IDENTIFIER=Intel64 Family 6 Model 167 Stepping 1, GenuineIntel



---------------  S Y S T E M  ---------------

OS: Windows 10 , 64 bit Build 22621 (10.0.22621.1778)
OS uptime: 0 days 9:30 hours

CPU:total 12 (initial active 12) (6 cores per cpu, 2 threads per core) family 6 model 167 stepping 1 microcode 0x44, cmov, cx8, fxsr, mmx, sse, sse2, sse3, ssse3, sse4.1, sse4.2, popcnt, avx, avx2, aes, clmul, erms, 3dnowpref, lzcnt, ht, tsc, tscinvbit, bmi1, bmi2, adx, evex, sha, fma

Memory: 4k page, system-wide physical 16265M (968M free)
TotalPageFile size 22409M (AvailPageFile size 256M)
current process WorkingSet (physical memory assigned to process): 11M, peak: 11M
current process commit charge ("private bytes"): 64M, peak: 320M

vm_info: OpenJDK 64-Bit Server VM (11.0.12+7-b1504.28-7817840) for windows-amd64 JRE (11.0.12+7-b1504.28-7817840), built on Oct 13 2021 22:12:33 by "builder" with MS VC++ 14.0 (VS2015)

END.
